#
# There is insufficient memory for the Java Runtime Environment to continue.
# Native memory allocation (malloc) failed to allocate 1048576 bytes. Error detail: AllocateHeap
# Possible reasons:
#   The system is out of physical RAM or swap space
#   This process is running with CompressedOops enabled, and the Java Heap may be blocking the growth of the native heap
# Possible solutions:
#   Reduce memory load on the system
#   Increase physical memory or swap space
#   Check if swap backing store is full
#   Decrease Java heap size (-Xmx/-Xms)
#   Decrease number of Java threads
#   Decrease Java thread stack sizes (-Xss)
#   Set larger code cache with -XX:ReservedCodeCacheSize=
#   JVM is running with Unscaled Compressed Oops mode in which the Java heap is
#     placed in the first 4GB address space. The Java Heap base address is the
#     maximum limit for the native heap growth. Please use -XX:HeapBaseMinAddress
#     to set the Java Heap base and to place the Java Heap above 4GB virtual address.
# This output file may be truncated or incomplete.
#
#  Out of Memory Error (allocation.cpp:44), pid=34028, tid=31872
#
# JRE version:  (21.0.7+6) (build )
# Java VM: OpenJDK 64-Bit Server VM (21.0.7+6-LTS, mixed mode, sharing, tiered, compressed oops, compressed class ptrs, parallel gc, windows-amd64)
# No core dump will be written. Minidumps are not enabled by default on client versions of Windows
#

---------------  S U M M A R Y ------------

Command Line: --add-modules=ALL-SYSTEM --add-opens=java.base/java.util=ALL-UNNAMED --add-opens=java.base/java.lang=ALL-UNNAMED --add-opens=java.base/sun.nio.fs=ALL-UNNAMED -Declipse.application=org.eclipse.jdt.ls.core.id1 -Dosgi.bundles.defaultStartLevel=4 -Declipse.product=org.eclipse.jdt.ls.core.product -Djava.import.generatesMetadataFilesAtProjectRoot=false -DDetectVMInstallationsJob.disabled=true -Dfile.encoding=utf8 -XX:+UseParallelGC -XX:GCTimeRatio=4 -XX:AdaptiveSizePolicyWeight=90 -Dsun.zip.disableMemoryMapping=true -Xmx1G -Xms100m -Xlog:disable -javaagent:c:\Users\Duoc\.vscode\extensions\redhat.java-1.42.0-win32-x64\lombok\lombok-1.18.36.jar -XX:+HeapDumpOnOutOfMemoryError -XX:HeapDumpPath=c:\Users\Duoc\AppData\Roaming\Code\User\workspaceStorage\88224b3175a8f09cf99c6f398a85c878\redhat.java -Daether.dependencyCollector.impl=bf c:\Users\Duoc\.vscode\extensions\redhat.java-1.42.0-win32-x64\server\plugins\org.eclipse.equinox.launcher_1.7.0.v20250424-1814.jar -configuration c:\Users\Duoc\AppData\Roaming\Code\User\globalStorage\redhat.java\1.42.0\config_win -data c:\Users\Duoc\AppData\Roaming\Code\User\workspaceStorage\88224b3175a8f09cf99c6f398a85c878\redhat.java\jdt_ws --pipe=\\.\pipe\lsp-042f75499a5db9fc1a342273d113eacb-sock

Host: AMD Ryzen 5 3450U with Radeon Vega Mobile Gfx  , 8 cores, 5G,  Windows 11 , 64 bit Build 26100 (10.0.26100.3912)
Time: Fri May 23 19:50:27 2025 Hora est. Sudamérica Pacífico elapsed time: 0.291786 seconds (0d 0h 0m 0s)

---------------  T H R E A D  ---------------

Current thread (0x000001a3a4f364d0):  JavaThread "Unknown thread" [_thread_in_vm, id=31872, stack(0x00000052dbc00000,0x00000052dbd00000) (1024K)]

Stack: [0x00000052dbc00000,0x00000052dbd00000]
Native frames: (J=compiled Java code, j=interpreted, Vv=VM code, C=native code)
V  [jvm.dll+0x6ce119]
V  [jvm.dll+0x8a84a1]
V  [jvm.dll+0x8aa9ce]
V  [jvm.dll+0x8ab0b3]
V  [jvm.dll+0x27f8a6]
V  [jvm.dll+0xbfba7]
V  [jvm.dll+0x70b72d]
V  [jvm.dll+0x70bdec]
V  [jvm.dll+0x6dcc68]
V  [jvm.dll+0x871dbc]
V  [jvm.dll+0x3bc47c]
V  [jvm.dll+0x85a848]
V  [jvm.dll+0x45080e]
V  [jvm.dll+0x452451]
C  [jli.dll+0x5278]
C  [ucrtbase.dll+0x37b0]
C  [KERNEL32.DLL+0x2e8d7]
C  [ntdll.dll+0x9c5dc]


---------------  P R O C E S S  ---------------

Threads class SMR info:
_java_thread_list=0x000001a3a7239450, length=1, elements={
0x000001a3a4f364d0
}

Java Threads: ( => current thread )
=>0x000001a3a4f364d0 JavaThread "Unknown thread"             [_thread_in_vm, id=31872, stack(0x00000052dbc00000,0x00000052dbd00000) (1024K)]
Total: 1

Other Threads:
  0x000001a3bb4dca00 WatcherThread "VM Periodic Task Thread"        [id=15240, stack(0x00000052dbe00000,0x00000052dbf00000) (1024K)]
  0x000001a3a72348a0 WorkerThread "GC Thread#0"                     [id=17620, stack(0x00000052dbd00000,0x00000052dbe00000) (1024K)]
Total: 2

Threads with active compile tasks:
Total: 0

VM state: not at safepoint (normal execution)

VM Mutex/Monitor currently owned by a thread: None

Heap address: 0x00000000c0000000, size: 1024 MB, Compressed Oops mode: 32-bit

CDS archive(s) mapped at: [0x000001a3bc000000-0x000001a3bcba0000-0x000001a3bcba0000), size 12189696, SharedBaseAddress: 0x000001a3bc000000, ArchiveRelocationMode: 1.
Compressed class space mapped at: 0x000001a3bd000000-0x000001a3fd000000, reserved size: 1073741824
Narrow klass base: 0x000001a3bc000000, Narrow klass shift: 0, Narrow klass range: 0x100000000

GC Precious Log:
 CardTable entry size: 512
 CPUs: 8 total, 8 available
 Memory: 6030M
 Large Page Support: Disabled
 NUMA Support: Disabled
 Compressed Oops: Enabled (32-bit)
 Alignments: Space 512K, Generation 512K, Heap 2M
 Heap Min Capacity: 100M
 Heap Initial Capacity: 100M
 Heap Max Capacity: 1G
 Pre-touch: Disabled
 Parallel Workers: 8

Heap:
 PSYoungGen      total 29696K, used 512K [0x00000000eab00000, 0x00000000ecc00000, 0x0000000100000000)
  eden space 25600K, 2% used [0x00000000eab00000,0x00000000eab80020,0x00000000ec400000)
  from space 4096K, 0% used [0x00000000ec800000,0x00000000ec800000,0x00000000ecc00000)
  to   space 4096K, 0% used [0x00000000ec400000,0x00000000ec400000,0x00000000ec800000)
 ParOldGen       total 68608K, used 0K [0x00000000c0000000, 0x00000000c4300000, 0x00000000eab00000)
  object space 68608K, 0% used [0x00000000c0000000,0x00000000c0000000,0x00000000c4300000)
 Metaspace       used 0K, committed 0K, reserved 1048576K
  class space    used 0K, committed 0K, reserved 1048576K

Card table byte_map: [0x000001a3a6bb0000,0x000001a3a6dc0000] _byte_map_base: 0x000001a3a65b0000

Marking Bits: (ParMarkBitMap*) 0x00007ffd783531f0
 Begin Bits: [0x000001a3b9400000, 0x000001a3ba400000)
 End Bits:   [0x000001a3ba400000, 0x000001a3bb400000)

Polling page: 0x000001a3a5040000

Metaspace:

Usage:
  Non-class:      0 bytes used.
      Class:      0 bytes used.
       Both:      0 bytes used.

Virtual space:
  Non-class space:        0 bytes reserved,       0 bytes (  ?%) committed,  0 nodes.
      Class space:        1.00 GB reserved,       0 bytes (  0%) committed,  1 nodes.
             Both:        1.00 GB reserved,       0 bytes (  0%) committed. 

Chunk freelists:
   Non-Class:  0 bytes
       Class:  16.00 MB
        Both:  16.00 MB

MaxMetaspaceSize: unlimited
CompressedClassSpaceSize: 1.00 GB
Initial GC threshold: 21.00 MB
Current GC threshold: 17179869184.00 GB
CDS: on
 - commit_granule_bytes: 65536.
 - commit_granule_words: 8192.
 - virtual_space_node_default_size: 8388608.
 - enlarge_chunks_in_place: 1.
 - use_allocation_guard: 0.


Internal statistics:

num_allocs_failed_limit: 0.
num_arena_births: 0.
num_arena_deaths: 0.
num_vsnodes_births: 1.
num_vsnodes_deaths: 0.
num_space_committed: 0.
num_space_uncommitted: 0.
num_chunks_returned_to_freelist: 0.
num_chunks_taken_from_freelist: 1.
num_chunk_merges: 0.
num_chunk_splits: 1.
num_chunks_enlarged: 0.
num_inconsistent_stats: 0.

CodeHeap 'non-profiled nmethods': size=120000Kb used=0Kb max_used=0Kb free=120000Kb
 bounds [0x000001a3b1ed0000, 0x000001a3b2140000, 0x000001a3b9400000]
CodeHeap 'profiled nmethods': size=120000Kb used=0Kb max_used=0Kb free=120000Kb
 bounds [0x000001a3aa400000, 0x000001a3aa670000, 0x000001a3b1930000]
CodeHeap 'non-nmethods': size=5760Kb used=194Kb max_used=342Kb free=5565Kb
 bounds [0x000001a3b1930000, 0x000001a3b1ba0000, 0x000001a3b1ed0000]
 total_blobs=70 nmethods=0 adapters=48
 compilation: enabled
              stopped_count=0, restarted_count=0
 full_count=0

Compilation events (0 events):
No events

GC Heap History (0 events):
No events

Dll operation events (1 events):
Event: 0.033 Loaded shared library c:\Users\Duoc\.vscode\extensions\redhat.java-1.42.0-win32-x64\jre\21.0.7-win32-x86_64\bin\java.dll

Deoptimization events (0 events):
No events

Classes loaded (0 events):
No events

Classes unloaded (0 events):
No events

Classes redefined (0 events):
No events

Internal exceptions (0 events):
No events

ZGC Phase Switch (0 events):
No events

VM Operations (0 events):
No events

Memory protections (0 events):
No events

Nmethod flushes (0 events):
No events

Events (1 events):
Event: 0.088 Thread 0x000001a3a4f364d0 Thread added: 0x000001a3a4f364d0


Dynamic libraries:
0x00007ff62a580000 - 0x00007ff62a58e000 	c:\Users\Duoc\.vscode\extensions\redhat.java-1.42.0-win32-x64\jre\21.0.7-win32-x86_64\bin\java.exe
0x00007ffe0e020000 - 0x00007ffe0e286000 	C:\WINDOWS\SYSTEM32\ntdll.dll
0x00007ffe0cef0000 - 0x00007ffe0cfb9000 	C:\WINDOWS\System32\KERNEL32.DLL
0x00007ffe0b950000 - 0x00007ffe0bd1c000 	C:\WINDOWS\System32\KERNELBASE.dll
0x00007ffe06580000 - 0x00007ffe0661e000 	C:\WINDOWS\SYSTEM32\apphelp.dll
0x00007ffe0b550000 - 0x00007ffe0b69b000 	C:\WINDOWS\System32\ucrtbase.dll
0x00007ffded1d0000 - 0x00007ffded1e8000 	c:\Users\Duoc\.vscode\extensions\redhat.java-1.42.0-win32-x64\jre\21.0.7-win32-x86_64\bin\jli.dll
0x00007ffe0d670000 - 0x00007ffe0d83a000 	C:\WINDOWS\System32\USER32.dll
0x00007ffe0b2f0000 - 0x00007ffe0b317000 	C:\WINDOWS\System32\win32u.dll
0x00007ffdff150000 - 0x00007ffdff3ea000 	C:\WINDOWS\WinSxS\amd64_microsoft.windows.common-controls_6595b64144ccf1df_6.0.26100.3912_none_3e07963ce335137e\COMCTL32.dll
0x00007ffde83d0000 - 0x00007ffde83ee000 	c:\Users\Duoc\.vscode\extensions\redhat.java-1.42.0-win32-x64\jre\21.0.7-win32-x86_64\bin\VCRUNTIME140.dll
0x00007ffe0d1f0000 - 0x00007ffe0d299000 	C:\WINDOWS\System32\msvcrt.dll
0x00007ffe0cb10000 - 0x00007ffe0cb3b000 	C:\WINDOWS\System32\GDI32.dll
0x00007ffe0b1b0000 - 0x00007ffe0b2e2000 	C:\WINDOWS\System32\gdi32full.dll
0x00007ffe0b4a0000 - 0x00007ffe0b543000 	C:\WINDOWS\System32\msvcp_win.dll
0x00007ffe0c560000 - 0x00007ffe0c590000 	C:\WINDOWS\System32\IMM32.DLL
0x00007ffdfeb00000 - 0x00007ffdfeb0c000 	c:\Users\Duoc\.vscode\extensions\redhat.java-1.42.0-win32-x64\jre\21.0.7-win32-x86_64\bin\vcruntime140_1.dll
0x00007ffdb4490000 - 0x00007ffdb451d000 	c:\Users\Duoc\.vscode\extensions\redhat.java-1.42.0-win32-x64\jre\21.0.7-win32-x86_64\bin\msvcp140.dll
0x00007ffd776a0000 - 0x00007ffd78430000 	c:\Users\Duoc\.vscode\extensions\redhat.java-1.42.0-win32-x64\jre\21.0.7-win32-x86_64\bin\server\jvm.dll
0x00007ffe0bf70000 - 0x00007ffe0c022000 	C:\WINDOWS\System32\ADVAPI32.dll
0x00007ffe0c420000 - 0x00007ffe0c4c6000 	C:\WINDOWS\System32\sechost.dll
0x00007ffe0d0d0000 - 0x00007ffe0d1e6000 	C:\WINDOWS\System32\RPCRT4.dll
0x00007ffe0cc10000 - 0x00007ffe0cc84000 	C:\WINDOWS\System32\WS2_32.dll
0x00007ffdff430000 - 0x00007ffdff466000 	C:\WINDOWS\SYSTEM32\WINMM.dll
0x00007ffdff7a0000 - 0x00007ffdff7ab000 	C:\WINDOWS\SYSTEM32\VERSION.dll
0x00007ffe0b020000 - 0x00007ffe0b07e000 	C:\WINDOWS\SYSTEM32\POWRPROF.dll
0x00007ffe0afe0000 - 0x00007ffe0aff4000 	C:\WINDOWS\SYSTEM32\UMPDC.dll
0x00007ffe09f70000 - 0x00007ffe09f8a000 	C:\WINDOWS\SYSTEM32\kernel.appcore.dll
0x00007ffdfe2e0000 - 0x00007ffdfe2ea000 	c:\Users\Duoc\.vscode\extensions\redhat.java-1.42.0-win32-x64\jre\21.0.7-win32-x86_64\bin\jimage.dll
0x00007ffe01c00000 - 0x00007ffe01e41000 	C:\WINDOWS\SYSTEM32\DBGHELP.DLL
0x00007ffe0c080000 - 0x00007ffe0c404000 	C:\WINDOWS\System32\combase.dll
0x00007ffe0d3a0000 - 0x00007ffe0d480000 	C:\WINDOWS\System32\OLEAUT32.dll
0x00007ffdf2590000 - 0x00007ffdf25c9000 	C:\WINDOWS\SYSTEM32\dbgcore.DLL
0x00007ffe0b730000 - 0x00007ffe0b7c9000 	C:\WINDOWS\System32\bcryptPrimitives.dll
0x00007ffdfe250000 - 0x00007ffdfe25f000 	c:\Users\Duoc\.vscode\extensions\redhat.java-1.42.0-win32-x64\jre\21.0.7-win32-x86_64\bin\instrument.dll
0x00007ffde6150000 - 0x00007ffde616f000 	c:\Users\Duoc\.vscode\extensions\redhat.java-1.42.0-win32-x64\jre\21.0.7-win32-x86_64\bin\java.dll

dbghelp: loaded successfully - version: 4.0.5 - missing functions: none
symbol engine: initialized successfully - sym options: 0x614 - pdb path: .;c:\Users\Duoc\.vscode\extensions\redhat.java-1.42.0-win32-x64\jre\21.0.7-win32-x86_64\bin;C:\WINDOWS\SYSTEM32;C:\WINDOWS\WinSxS\amd64_microsoft.windows.common-controls_6595b64144ccf1df_6.0.26100.3912_none_3e07963ce335137e;c:\Users\Duoc\.vscode\extensions\redhat.java-1.42.0-win32-x64\jre\21.0.7-win32-x86_64\bin\server

VM Arguments:
jvm_args: --add-modules=ALL-SYSTEM --add-opens=java.base/java.util=ALL-UNNAMED --add-opens=java.base/java.lang=ALL-UNNAMED --add-opens=java.base/sun.nio.fs=ALL-UNNAMED -Declipse.application=org.eclipse.jdt.ls.core.id1 -Dosgi.bundles.defaultStartLevel=4 -Declipse.product=org.eclipse.jdt.ls.core.product -Djava.import.generatesMetadataFilesAtProjectRoot=false -DDetectVMInstallationsJob.disabled=true -Dfile.encoding=utf8 -XX:+UseParallelGC -XX:GCTimeRatio=4 -XX:AdaptiveSizePolicyWeight=90 -Dsun.zip.disableMemoryMapping=true -Xmx1G -Xms100m -Xlog:disable -javaagent:c:\Users\Duoc\.vscode\extensions\redhat.java-1.42.0-win32-x64\lombok\lombok-1.18.36.jar -XX:+HeapDumpOnOutOfMemoryError -XX:HeapDumpPath=c:\Users\Duoc\AppData\Roaming\Code\User\workspaceStorage\88224b3175a8f09cf99c6f398a85c878\redhat.java -Daether.dependencyCollector.impl=bf 
java_command: c:\Users\Duoc\.vscode\extensions\redhat.java-1.42.0-win32-x64\server\plugins\org.eclipse.equinox.launcher_1.7.0.v20250424-1814.jar -configuration c:\Users\Duoc\AppData\Roaming\Code\User\globalStorage\redhat.java\1.42.0\config_win -data c:\Users\Duoc\AppData\Roaming\Code\User\workspaceStorage\88224b3175a8f09cf99c6f398a85c878\redhat.java\jdt_ws --pipe=\\.\pipe\lsp-042f75499a5db9fc1a342273d113eacb-sock
java_class_path (initial): c:\Users\Duoc\.vscode\extensions\redhat.java-1.42.0-win32-x64\server\plugins\org.eclipse.equinox.launcher_1.7.0.v20250424-1814.jar
Launcher Type: SUN_STANDARD

[Global flags]
    uintx AdaptiveSizePolicyWeight                 = 90                                        {product} {command line}
     intx CICompilerCount                          = 4                                         {product} {ergonomic}
    uintx GCTimeRatio                              = 4                                         {product} {command line}
     bool HeapDumpOnOutOfMemoryError               = true                                   {manageable} {command line}
    ccstr HeapDumpPath                             = c:\Users\Duoc\AppData\Roaming\Code\User\workspaceStorage\88224b3175a8f09cf99c6f398a85c878\redhat.java         {manageable} {command line}
   size_t InitialHeapSize                          = 104857600                                 {product} {command line}
   size_t MaxHeapSize                              = 1073741824                                {product} {command line}
   size_t MaxNewSize                               = 357564416                                 {product} {ergonomic}
   size_t MinHeapDeltaBytes                        = 524288                                    {product} {ergonomic}
   size_t MinHeapSize                              = 104857600                                 {product} {command line}
   size_t NewSize                                  = 34603008                                  {product} {ergonomic}
    uintx NonNMethodCodeHeapSize                   = 5839372                                {pd product} {ergonomic}
    uintx NonProfiledCodeHeapSize                  = 122909434                              {pd product} {ergonomic}
   size_t OldSize                                  = 70254592                                  {product} {ergonomic}
    uintx ProfiledCodeHeapSize                     = 122909434                              {pd product} {ergonomic}
    uintx ReservedCodeCacheSize                    = 251658240                              {pd product} {ergonomic}
     bool SegmentedCodeCache                       = true                                      {product} {ergonomic}
   size_t SoftMaxHeapSize                          = 1073741824                             {manageable} {ergonomic}
     bool UseCompressedOops                        = true                           {product lp64_product} {ergonomic}
     bool UseLargePagesIndividualAllocation        = false                                  {pd product} {ergonomic}
     bool UseParallelGC                            = true                                      {product} {command line}

Logging:
Log output configuration:
 #0: stdout all=off uptime,level,tags foldmultilines=false
 #1: stderr all=off uptime,level,tags foldmultilines=false

Environment Variables:
PATH=C:\Program Files\Python312\Scripts\;C:\Program Files\Python312\;C:\Program Files\Common Files\Oracle\Java\javapath;C:\WINDOWS\system32;C:\WINDOWS;C:\WINDOWS\System32\Wbem;C:\WINDOWS\System32\WindowsPowerShell\v1.0\;C:\WINDOWS\System32\OpenSSH\;C:\Program Files\Git\cmd;C:\Users\Duoc\AppData\Local\Microsoft\WindowsApps;C:\Users\Duoc\AppData\Local\Programs\Microsoft VS Code\bin
USERNAME=Duoc
OS=Windows_NT
PROCESSOR_IDENTIFIER=AMD64 Family 23 Model 24 Stepping 1, AuthenticAMD
TMP=C:\Users\Duoc\AppData\Local\Temp
TEMP=C:\Users\Duoc\AppData\Local\Temp




Periodic native trim disabled

---------------  S Y S T E M  ---------------

OS:
 Windows 11 , 64 bit Build 26100 (10.0.26100.3912)
OS uptime: 7 days 10:50 hours

CPU: total 8 (initial active 8) (8 cores per cpu, 2 threads per core) family 23 model 24 stepping 1 microcode 0x810810e, cx8, cmov, fxsr, ht, mmx, 3dnowpref, sse, sse2, sse3, ssse3, sse4a, sse4.1, sse4.2, popcnt, lzcnt, tsc, tscinvbit, avx, avx2, aes, clmul, bmi1, bmi2, adx, sha, fma, vzeroupper, clflush, clflushopt, rdtscp, f16c
Processor Information for the first 8 processors :
  Max Mhz: 2100, Current Mhz: 2100, Mhz Limit: 2100

Memory: 4k page, system-wide physical 6030M (578M free)
TotalPageFile size 24462M (AvailPageFile size 32M)
current process WorkingSet (physical memory assigned to process): 26M, peak: 26M
current process commit charge ("private bytes"): 183M, peak: 184M

vm_info: OpenJDK 64-Bit Server VM (21.0.7+6-LTS) for windows-amd64 JRE (21.0.7+6-LTS), built on 2025-04-15T00:00:00Z by "admin" with MS VC++ 17.7 (VS2022)

END.
